<?xml version="1.0" encoding="UTF-8"?>
<!-- Generated by org.testng.reporters.JUnitReportReporter -->
<testsuite hostname="LAPTOP-4PCOUT3C" failures="0" tests="8" name="runner.TestNGRunner" time="36.088" errors="0" timestamp="2023-03-30T16:26:40 CEST" skipped="0">
  <testcase classname="runner.TestNGRunner" name="runScenario" time="17.538"/>
  <system-out/>
  <testcase classname="runner.TestNGRunner" name="runScenario" time="0.002"/>
  <system-out/>
  <testcase classname="runner.TestNGRunner" name="runScenario" time="0.006"/>
  <system-out/>
  <testcase classname="runner.TestNGRunner" name="runScenario" time="0.004"/>
  <system-out/>
  <testcase classname="runner.TestNGRunner" name="runScenario" time="0.005"/>
  <system-out/>
  <testcase classname="runner.TestNGRunner" name="runScenario" time="7.580"/>
  <system-out/>
  <testcase classname="runner.TestNGRunner" name="runScenario" time="0.005"/>
  <system-out/>
  <testcase classname="runner.TestNGRunner" name="runScenario" time="10.948"/>
  <system-out/>
</testsuite> <!-- runner.TestNGRunner -->
