<?xml version="1.0" encoding="UTF-8"?>
<!-- Generated by org.testng.reporters.JUnitReportReporter -->
<testsuite hostname="LAPTOP-4PCOUT3C" failures="0" tests="8" name="runner.TestNGRunner" time="43.450" errors="0" timestamp="2023-03-30T16:28:39 CEST" skipped="0">
  <testcase classname="runner.TestNGRunner" name="runScenario" time="12.291"/>
  <system-out/>
  <testcase classname="runner.TestNGRunner" name="runScenario" time="0.005"/>
  <system-out/>
  <testcase classname="runner.TestNGRunner" name="runScenario" time="0.007"/>
  <system-out/>
  <testcase classname="runner.TestNGRunner" name="runScenario" time="11.084"/>
  <system-out/>
  <testcase classname="runner.TestNGRunner" name="runScenario" time="0.005"/>
  <system-out/>
  <testcase classname="runner.TestNGRunner" name="runScenario" time="20.048"/>
  <system-out/>
  <testcase classname="runner.TestNGRunner" name="runScenario" time="0.005"/>
  <system-out/>
  <testcase classname="runner.TestNGRunner" name="runScenario" time="0.005"/>
  <system-out/>
</testsuite> <!-- runner.TestNGRunner -->
